action: GLOB, msg: packaging
cwd: D:\aiops_series\simple_app_demo
cmd: 'C:\Users\nites\.conda\envs\simple_demo_dvc\python.exe' setup.py sdist --formats=zip --dist-dir '.tox\dist'
running sdist
running egg_info
writing src.egg-info\PKG-INFO
writing dependency_links to src.egg-info\dependency_links.txt
writing top-level names to src.egg-info\top_level.txt
reading manifest file 'src.egg-info\SOURCES.txt'
writing manifest file 'src.egg-info\SOURCES.txt'
running check
warning: check: missing required meta-data: url

warning: check: missing meta-data: if 'author' supplied, 'author_email' should be supplied too

creating src-0.0
creating src-0.0\src
creating src-0.0\src.egg-info
creating src-0.0\test
copying files to src-0.0...
copying README.md -> src-0.0
copying setup.py -> src-0.0
copying src\__init__.py -> src-0.0\src
copying src\get_data.py -> src-0.0\src
copying src\load_data.py -> src-0.0\src
copying src\log_production_model.py -> src-0.0\src
copying src\split_data.py -> src-0.0\src
copying src\train_and_evaluate.py -> src-0.0\src
copying src.egg-info\PKG-INFO -> src-0.0\src.egg-info
copying src.egg-info\SOURCES.txt -> src-0.0\src.egg-info
copying src.egg-info\dependency_links.txt -> src-0.0\src.egg-info
copying src.egg-info\top_level.txt -> src-0.0\src.egg-info
copying test\test_config.py -> src-0.0\test
Writing src-0.0\setup.cfg
creating '.tox\dist\src-0.0.zip' and adding 'src-0.0' to it
adding 'src-0.0'
adding 'src-0.0\src'
adding 'src-0.0\src.egg-info'
adding 'src-0.0\test'
adding 'src-0.0\PKG-INFO'
adding 'src-0.0\README.md'
adding 'src-0.0\setup.cfg'
adding 'src-0.0\setup.py'
adding 'src-0.0\src\get_data.py'
adding 'src-0.0\src\load_data.py'
adding 'src-0.0\src\log_production_model.py'
adding 'src-0.0\src\split_data.py'
adding 'src-0.0\src\train_and_evaluate.py'
adding 'src-0.0\src\__init__.py'
adding 'src-0.0\src.egg-info\dependency_links.txt'
adding 'src-0.0\src.egg-info\PKG-INFO'
adding 'src-0.0\src.egg-info\SOURCES.txt'
adding 'src-0.0\src.egg-info\top_level.txt'
adding 'src-0.0\test\test_config.py'
removing 'src-0.0' (and everything under it)
